{"uuid":"22df88a8-7464-4494-a02b-f5347a037b95","historyId":"ad4153cbc29e3aa56a1b2bdb87b28257","fullName":"testcases.ConcentrationRiskTestCases.ThirdScenario","labels":[{"name":"package","value":"testcases.ConcentrationRiskTestCases"},{"name":"testClass","value":"testcases.ConcentrationRiskTestCases"},{"name":"testMethod","value":"ThirdScenario"},{"name":"parentSuite","value":"All Test Suite"},{"name":"suite","value":"C:/Users/Mahahi/Documents/PFE"},{"name":"subSuite","value":"testcases.ConcentrationRiskTestCases"},{"name":"host","value":"DESKTOP-K48HB34"},{"name":"thread","value":"11024@DESKTOP-K48HB34.main(1)"},{"name":"framework","value":"testng"},{"name":"language","value":"java"},{"name":"epic","value":"Functional tests"},{"name":"feature","value":"Concentration Risk Tests"},{"name":"severity","value":"critical"}],"links":[],"name":"ThirdScenario","status":"broken","statusDetails":{"known":false,"muted":false,"flaky":false,"message":"no such element: Unable to locate element: {\"method\":\"xpath\",\"selector\":\"//p-multiselect[@inputid='instrument']/div/div[@class='ng-trigger ng-trigger-overlayAnimation ng-tns-c63-51 p-multiselect-panel p-component ng-star-inserted']/div/div/div/input\"}\n  (Session info: chrome=103.0.5060.134)\nFor documentation on this error, please visit: https://www.seleniumhq.org/exceptions/no_such_element.html\nBuild info: version: '3.141.59', revision: 'e82be7d358', time: '2018-11-14T08:17:03'\nSystem info: host: 'DESKTOP-K48HB34', ip: '10.81.234.2', os.name: 'Windows 10', os.arch: 'amd64', os.version: '10.0', java.version: '1.8.0_60'\nDriver info: org.openqa.selenium.chrome.ChromeDriver\nCapabilities {acceptInsecureCerts: false, browserName: chrome, browserVersion: 103.0.5060.134, chrome: {chromedriverVersion: 103.0.5060.134 (8ec6fce403b..., userDataDir: C:\\Users\\MONPC~1\\AppData\\Lo...}, goog:chromeOptions: {debuggerAddress: localhost:55700}, javascriptEnabled: true, networkConnectionEnabled: false, pageLoadStrategy: normal, platform: WINDOWS, platformName: WINDOWS, proxy: Proxy(), setWindowRect: true, strictFileInteractability: false, timeouts: {implicit: 0, pageLoad: 300000, script: 30000}, unhandledPromptBehavior: dismiss and notify, webauthn:extension:credBlob: true, webauthn:extension:largeBlob: true, webauthn:virtualAuthenticators: true}\nSession ID: b31ef9b97d3ef52571a0537305d0ad21\n*** Element info: {Using=xpath, value=//p-multiselect[@inputid='instrument']/div/div[@class='ng-trigger ng-trigger-overlayAnimation ng-tns-c63-51 p-multiselect-panel p-component ng-star-inserted']/div/div/div/input}","trace":"org.openqa.selenium.NoSuchElementException: no such element: Unable to locate element: {\"method\":\"xpath\",\"selector\":\"//p-multiselect[@inputid='instrument']/div/div[@class='ng-trigger ng-trigger-overlayAnimation ng-tns-c63-51 p-multiselect-panel p-component ng-star-inserted']/div/div/div/input\"}\n  (Session info: chrome=103.0.5060.134)\nFor documentation on this error, please visit: https://www.seleniumhq.org/exceptions/no_such_element.html\nBuild info: version: '3.141.59', revision: 'e82be7d358', time: '2018-11-14T08:17:03'\nSystem info: host: 'DESKTOP-K48HB34', ip: '10.81.234.2', os.name: 'Windows 10', os.arch: 'amd64', os.version: '10.0', java.version: '1.8.0_60'\nDriver info: org.openqa.selenium.chrome.ChromeDriver\nCapabilities {acceptInsecureCerts: false, browserName: chrome, browserVersion: 103.0.5060.134, chrome: {chromedriverVersion: 103.0.5060.134 (8ec6fce403b..., userDataDir: C:\\Users\\MONPC~1\\AppData\\Lo...}, goog:chromeOptions: {debuggerAddress: localhost:55700}, javascriptEnabled: true, networkConnectionEnabled: false, pageLoadStrategy: normal, platform: WINDOWS, platformName: WINDOWS, proxy: Proxy(), setWindowRect: true, strictFileInteractability: false, timeouts: {implicit: 0, pageLoad: 300000, script: 30000}, unhandledPromptBehavior: dismiss and notify, webauthn:extension:credBlob: true, webauthn:extension:largeBlob: true, webauthn:virtualAuthenticators: true}\nSession ID: b31ef9b97d3ef52571a0537305d0ad21\n*** Element info: {Using=xpath, value=//p-multiselect[@inputid='instrument']/div/div[@class='ng-trigger ng-trigger-overlayAnimation ng-tns-c63-51 p-multiselect-panel p-component ng-star-inserted']/div/div/div/input}\r\n\tat sun.reflect.NativeConstructorAccessorImpl.newInstance0(Native Method)\r\n\tat sun.reflect.NativeConstructorAccessorImpl.newInstance(NativeConstructorAccessorImpl.java:62)\r\n\tat sun.reflect.DelegatingConstructorAccessorImpl.newInstance(DelegatingConstructorAccessorImpl.java:45)\r\n\tat java.lang.reflect.Constructor.newInstance(Constructor.java:422)\r\n\tat org.openqa.selenium.remote.http.W3CHttpResponseCodec.createException(W3CHttpResponseCodec.java:187)\r\n\tat org.openqa.selenium.remote.http.W3CHttpResponseCodec.decode(W3CHttpResponseCodec.java:122)\r\n\tat org.openqa.selenium.remote.http.W3CHttpResponseCodec.decode(W3CHttpResponseCodec.java:49)\r\n\tat org.openqa.selenium.remote.HttpCommandExecutor.execute(HttpCommandExecutor.java:158)\r\n\tat org.openqa.selenium.remote.service.DriverCommandExecutor.execute(DriverCommandExecutor.java:83)\r\n\tat org.openqa.selenium.remote.RemoteWebDriver.execute(RemoteWebDriver.java:552)\r\n\tat org.openqa.selenium.remote.RemoteWebDriver.findElement(RemoteWebDriver.java:323)\r\n\tat org.openqa.selenium.remote.RemoteWebDriver.findElementByXPath(RemoteWebDriver.java:428)\r\n\tat org.openqa.selenium.By$ByXPath.findElement(By.java:353)\r\n\tat org.openqa.selenium.remote.RemoteWebDriver.findElement(RemoteWebDriver.java:315)\r\n\tat pages.ConcentrationRiskScreen.chooseInstrument(ConcentrationRiskScreen.java:217)\r\n\tat testcases.ConcentrationRiskTestCases.ThirdScenario(ConcentrationRiskTestCases.java:232)\r\n\tat sun.reflect.NativeMethodAccessorImpl.invoke0(Native Method)\r\n\tat sun.reflect.NativeMethodAccessorImpl.invoke(NativeMethodAccessorImpl.java:62)\r\n\tat sun.reflect.DelegatingMethodAccessorImpl.invoke(DelegatingMethodAccessorImpl.java:43)\r\n\tat java.lang.reflect.Method.invoke(Method.java:497)\r\n\tat org.testng.internal.MethodInvocationHelper.invokeMethod(MethodInvocationHelper.java:132)\r\n\tat org.testng.internal.TestInvoker.invokeMethod(TestInvoker.java:599)\r\n\tat org.testng.internal.TestInvoker.invokeTestMethod(TestInvoker.java:174)\r\n\tat org.testng.internal.MethodRunner.runInSequence(MethodRunner.java:46)\r\n\tat org.testng.internal.TestInvoker$MethodInvocationAgent.invoke(TestInvoker.java:822)\r\n\tat org.testng.internal.TestInvoker.invokeTestMethods(TestInvoker.java:147)\r\n\tat org.testng.internal.TestMethodWorker.invokeTestMethods(TestMethodWorker.java:146)\r\n\tat org.testng.internal.TestMethodWorker.run(TestMethodWorker.java:128)\r\n\tat java.util.ArrayList.forEach(ArrayList.java:1249)\r\n\tat org.testng.TestRunner.privateRun(TestRunner.java:764)\r\n\tat org.testng.TestRunner.run(TestRunner.java:585)\r\n\tat org.testng.SuiteRunner.runTest(SuiteRunner.java:384)\r\n\tat org.testng.SuiteRunner.runSequentially(SuiteRunner.java:378)\r\n\tat org.testng.SuiteRunner.privateRun(SuiteRunner.java:337)\r\n\tat org.testng.SuiteRunner.run(SuiteRunner.java:286)\r\n\tat org.testng.SuiteRunnerWorker.runSuite(SuiteRunnerWorker.java:53)\r\n\tat org.testng.SuiteRunnerWorker.run(SuiteRunnerWorker.java:96)\r\n\tat org.testng.TestNG.runSuitesSequentially(TestNG.java:1218)\r\n\tat org.testng.TestNG.runSuitesLocally(TestNG.java:1140)\r\n\tat org.testng.TestNG.runSuites(TestNG.java:1069)\r\n\tat org.testng.TestNG.run(TestNG.java:1037)\r\n\tat com.intellij.rt.testng.IDEARemoteTestNG.run(IDEARemoteTestNG.java:66)\r\n\tat com.intellij.rt.testng.RemoteTestNGStarter.main(RemoteTestNGStarter.java:109)\r\n"},"stage":"finished","description":"Third Scenario Concentration Risk","steps":[{"name":"Get Data sets From Google Sheet","status":"passed","stage":"finished","steps":[],"attachments":[],"parameters":[{"name":"range","value":"Concentration Risk Scenarions!B47"}],"start":1658613493766,"stop":1658613496097},{"name":"Choose Analysis Date","status":"passed","stage":"finished","steps":[],"attachments":[],"parameters":[{"name":"date","value":"31/12/2019"}],"start":1658613496098,"stop":1658613497674},{"name":"Get Data sets From Google Sheet","status":"passed","stage":"finished","steps":[],"attachments":[],"parameters":[{"name":"range","value":"Concentration Risk Scenarions!B48"}],"start":1658613499674,"stop":1658613501543},{"name":"Choose Reference Date","status":"passed","stage":"finished","steps":[],"attachments":[],"parameters":[{"name":"date","value":"09/06/2021"}],"start":1658613501544,"stop":1658613503060},{"name":"Get Data sets From Google Sheet","status":"passed","stage":"finished","steps":[],"attachments":[],"parameters":[{"name":"range","value":"Concentration Risk Scenarions!B49:D49"}],"start":1658613505067,"stop":1658613506484},{"name":"Get Data sets From Google Sheet","status":"passed","stage":"finished","steps":[],"attachments":[],"parameters":[{"name":"range","value":"Concentration Risk Scenarions!B49:D49"}],"start":1658613506485,"stop":1658613510805},{"name":"Get Data sets From Google Sheet","status":"passed","stage":"finished","steps":[],"attachments":[],"parameters":[{"name":"range","value":"Concentration Risk Scenarions!B49:D49"}],"start":1658613510806,"stop":1658613513063},{"name":"Choose Portfolio","status":"passed","stage":"finished","steps":[],"attachments":[],"parameters":[{"name":"options","value":"[Portfolio Global, Portfolio Non Vie, Portfolio Vie]"}],"start":1658613513063,"stop":1658613518834},{"name":"Get Data sets From Google Sheet","status":"passed","stage":"finished","steps":[],"attachments":[],"parameters":[{"name":"range","value":"Concentration Risk Scenarions!B52"}],"start":1658613520845,"stop":1658613522730},{"name":"Choose Emetteur","status":"passed","stage":"finished","steps":[],"attachments":[],"parameters":[{"name":"options","value":"[amen bank]"}],"start":1658613522731,"stop":1658613523987},{"name":"Get Data sets From Google Sheet","status":"passed","stage":"finished","steps":[],"attachments":[],"parameters":[{"name":"range","value":"Concentration Risk Scenarions!B51"}],"start":1658613526000,"stop":1658613527916},{"name":"Get Data sets From Google Sheet","status":"passed","stage":"finished","steps":[],"attachments":[],"parameters":[{"name":"range","value":"Concentration Risk Scenarions!B51"}],"start":1658613527916,"stop":1658613529487},{"name":"Choose Instrument","status":"broken","statusDetails":{"known":false,"muted":false,"flaky":false,"message":"no such element: Unable to locate element: {\"method\":\"xpath\",\"selector\":\"//p-multiselect[@inputid='instrument']/div/div[@class='ng-trigger ng-trigger-overlayAnimation ng-tns-c63-51 p-multiselect-panel p-component ng-star-inserted']/div/div/div/input\"}\n  (Session info: chrome=103.0.5060.134)\nFor documentation on this error, please visit: https://www.seleniumhq.org/exceptions/no_such_element.html\nBuild info: version: '3.141.59', revision: 'e82be7d358', time: '2018-11-14T08:17:03'\nSystem info: host: 'DESKTOP-K48HB34', ip: '10.81.234.2', os.name: 'Windows 10', os.arch: 'amd64', os.version: '10.0', java.version: '1.8.0_60'\nDriver info: org.openqa.selenium.chrome.ChromeDriver\nCapabilities {acceptInsecureCerts: false, browserName: chrome, browserVersion: 103.0.5060.134, chrome: {chromedriverVersion: 103.0.5060.134 (8ec6fce403b..., userDataDir: C:\\Users\\MONPC~1\\AppData\\Lo...}, goog:chromeOptions: {debuggerAddress: localhost:55700}, javascriptEnabled: true, networkConnectionEnabled: false, pageLoadStrategy: normal, platform: WINDOWS, platformName: WINDOWS, proxy: Proxy(), setWindowRect: true, strictFileInteractability: false, timeouts: {implicit: 0, pageLoad: 300000, script: 30000}, unhandledPromptBehavior: dismiss and notify, webauthn:extension:credBlob: true, webauthn:extension:largeBlob: true, webauthn:virtualAuthenticators: true}\nSession ID: b31ef9b97d3ef52571a0537305d0ad21\n*** Element info: {Using=xpath, value=//p-multiselect[@inputid='instrument']/div/div[@class='ng-trigger ng-trigger-overlayAnimation ng-tns-c63-51 p-multiselect-panel p-component ng-star-inserted']/div/div/div/input}","trace":"org.openqa.selenium.NoSuchElementException: no such element: Unable to locate element: {\"method\":\"xpath\",\"selector\":\"//p-multiselect[@inputid='instrument']/div/div[@class='ng-trigger ng-trigger-overlayAnimation ng-tns-c63-51 p-multiselect-panel p-component ng-star-inserted']/div/div/div/input\"}\n  (Session info: chrome=103.0.5060.134)\nFor documentation on this error, please visit: https://www.seleniumhq.org/exceptions/no_such_element.html\nBuild info: version: '3.141.59', revision: 'e82be7d358', time: '2018-11-14T08:17:03'\nSystem info: host: 'DESKTOP-K48HB34', ip: '10.81.234.2', os.name: 'Windows 10', os.arch: 'amd64', os.version: '10.0', java.version: '1.8.0_60'\nDriver info: org.openqa.selenium.chrome.ChromeDriver\nCapabilities {acceptInsecureCerts: false, browserName: chrome, browserVersion: 103.0.5060.134, chrome: {chromedriverVersion: 103.0.5060.134 (8ec6fce403b..., userDataDir: C:\\Users\\MONPC~1\\AppData\\Lo...}, goog:chromeOptions: {debuggerAddress: localhost:55700}, javascriptEnabled: true, networkConnectionEnabled: false, pageLoadStrategy: normal, platform: WINDOWS, platformName: WINDOWS, proxy: Proxy(), setWindowRect: true, strictFileInteractability: false, timeouts: {implicit: 0, pageLoad: 300000, script: 30000}, unhandledPromptBehavior: dismiss and notify, webauthn:extension:credBlob: true, webauthn:extension:largeBlob: true, webauthn:virtualAuthenticators: true}\nSession ID: b31ef9b97d3ef52571a0537305d0ad21\n*** Element info: {Using=xpath, value=//p-multiselect[@inputid='instrument']/div/div[@class='ng-trigger ng-trigger-overlayAnimation ng-tns-c63-51 p-multiselect-panel p-component ng-star-inserted']/div/div/div/input}\r\n\tat sun.reflect.NativeConstructorAccessorImpl.newInstance0(Native Method)\r\n\tat sun.reflect.NativeConstructorAccessorImpl.newInstance(NativeConstructorAccessorImpl.java:62)\r\n\tat sun.reflect.DelegatingConstructorAccessorImpl.newInstance(DelegatingConstructorAccessorImpl.java:45)\r\n\tat java.lang.reflect.Constructor.newInstance(Constructor.java:422)\r\n\tat org.openqa.selenium.remote.http.W3CHttpResponseCodec.createException(W3CHttpResponseCodec.java:187)\r\n\tat org.openqa.selenium.remote.http.W3CHttpResponseCodec.decode(W3CHttpResponseCodec.java:122)\r\n\tat org.openqa.selenium.remote.http.W3CHttpResponseCodec.decode(W3CHttpResponseCodec.java:49)\r\n\tat org.openqa.selenium.remote.HttpCommandExecutor.execute(HttpCommandExecutor.java:158)\r\n\tat org.openqa.selenium.remote.service.DriverCommandExecutor.execute(DriverCommandExecutor.java:83)\r\n\tat org.openqa.selenium.remote.RemoteWebDriver.execute(RemoteWebDriver.java:552)\r\n\tat org.openqa.selenium.remote.RemoteWebDriver.findElement(RemoteWebDriver.java:323)\r\n\tat org.openqa.selenium.remote.RemoteWebDriver.findElementByXPath(RemoteWebDriver.java:428)\r\n\tat org.openqa.selenium.By$ByXPath.findElement(By.java:353)\r\n\tat org.openqa.selenium.remote.RemoteWebDriver.findElement(RemoteWebDriver.java:315)\r\n\tat pages.ConcentrationRiskScreen.chooseInstrument(ConcentrationRiskScreen.java:217)\r\n\tat testcases.ConcentrationRiskTestCases.ThirdScenario(ConcentrationRiskTestCases.java:232)\r\n\tat sun.reflect.NativeMethodAccessorImpl.invoke0(Native Method)\r\n\tat sun.reflect.NativeMethodAccessorImpl.invoke(NativeMethodAccessorImpl.java:62)\r\n\tat sun.reflect.DelegatingMethodAccessorImpl.invoke(DelegatingMethodAccessorImpl.java:43)\r\n\tat java.lang.reflect.Method.invoke(Method.java:497)\r\n\tat org.testng.internal.MethodInvocationHelper.invokeMethod(MethodInvocationHelper.java:132)\r\n\tat org.testng.internal.TestInvoker.invokeMethod(TestInvoker.java:599)\r\n\tat org.testng.internal.TestInvoker.invokeTestMethod(TestInvoker.java:174)\r\n\tat org.testng.internal.MethodRunner.runInSequence(MethodRunner.java:46)\r\n\tat org.testng.internal.TestInvoker$MethodInvocationAgent.invoke(TestInvoker.java:822)\r\n\tat org.testng.internal.TestInvoker.invokeTestMethods(TestInvoker.java:147)\r\n\tat org.testng.internal.TestMethodWorker.invokeTestMethods(TestMethodWorker.java:146)\r\n\tat org.testng.internal.TestMethodWorker.run(TestMethodWorker.java:128)\r\n\tat java.util.ArrayList.forEach(ArrayList.java:1249)\r\n\tat org.testng.TestRunner.privateRun(TestRunner.java:764)\r\n\tat org.testng.TestRunner.run(TestRunner.java:585)\r\n\tat org.testng.SuiteRunner.runTest(SuiteRunner.java:384)\r\n\tat org.testng.SuiteRunner.runSequentially(SuiteRunner.java:378)\r\n\tat org.testng.SuiteRunner.privateRun(SuiteRunner.java:337)\r\n\tat org.testng.SuiteRunner.run(SuiteRunner.java:286)\r\n\tat org.testng.SuiteRunnerWorker.runSuite(SuiteRunnerWorker.java:53)\r\n\tat org.testng.SuiteRunnerWorker.run(SuiteRunnerWorker.java:96)\r\n\tat org.testng.TestNG.runSuitesSequentially(TestNG.java:1218)\r\n\tat org.testng.TestNG.runSuitesLocally(TestNG.java:1140)\r\n\tat org.testng.TestNG.runSuites(TestNG.java:1069)\r\n\tat org.testng.TestNG.run(TestNG.java:1037)\r\n\tat com.intellij.rt.testng.IDEARemoteTestNG.run(IDEARemoteTestNG.java:66)\r\n\tat com.intellij.rt.testng.RemoteTestNGStarter.main(RemoteTestNGStarter.java:109)\r\n"},"stage":"finished","steps":[],"attachments":[],"parameters":[{"name":"options","value":"[All]"}],"start":1658613529487,"stop":1658613530695}],"attachments":[{"name":"Page Screenshot","source":"53f41885-e75f-4e71-a28e-1bb4e77a797a-attachment","type":"image/png"},{"name":"ThirdScenario failed and screenshot taken","source":"83a1de59-5df6-416b-9aaf-63c4d4b098a3-attachment","type":"text/plain"}],"parameters":[],"start":1658613491706,"stop":1658613531205}