{"uuid":"6268b72d-d716-4d98-8a1a-a65846f0e1bd","historyId":"ad4153cbc29e3aa56a1b2bdb87b28257","fullName":"testcases.ConcentrationRiskTestCases.ThirdScenario","labels":[{"name":"package","value":"testcases.ConcentrationRiskTestCases"},{"name":"testClass","value":"testcases.ConcentrationRiskTestCases"},{"name":"testMethod","value":"ThirdScenario"},{"name":"parentSuite","value":"All Test Suite"},{"name":"suite","value":"C:/Users/Mahahi/Documents/PFE"},{"name":"subSuite","value":"testcases.ConcentrationRiskTestCases"},{"name":"host","value":"DESKTOP-K48HB34"},{"name":"thread","value":"13252@DESKTOP-K48HB34.main(1)"},{"name":"framework","value":"testng"},{"name":"language","value":"java"},{"name":"epic","value":"Functional tests"},{"name":"feature","value":"Concentration Risk Tests"},{"name":"severity","value":"critical"}],"links":[],"name":"ThirdScenario","status":"broken","statusDetails":{"known":false,"muted":false,"flaky":false,"message":"no such element: Unable to locate element: {\"method\":\"xpath\",\"selector\":\"//li[@aria-label=\"All\"]\"}\n  (Session info: chrome=103.0.5060.134)\nFor documentation on this error, please visit: https://www.seleniumhq.org/exceptions/no_such_element.html\nBuild info: version: '3.141.59', revision: 'e82be7d358', time: '2018-11-14T08:17:03'\nSystem info: host: 'DESKTOP-K48HB34', ip: '10.81.234.2', os.name: 'Windows 10', os.arch: 'amd64', os.version: '10.0', java.version: '1.8.0_60'\nDriver info: org.openqa.selenium.chrome.ChromeDriver\nCapabilities {acceptInsecureCerts: false, browserName: chrome, browserVersion: 103.0.5060.134, chrome: {chromedriverVersion: 103.0.5060.134 (8ec6fce403b..., userDataDir: C:\\Users\\MONPC~1\\AppData\\Lo...}, goog:chromeOptions: {debuggerAddress: localhost:51468}, javascriptEnabled: true, networkConnectionEnabled: false, pageLoadStrategy: normal, platform: WINDOWS, platformName: WINDOWS, proxy: Proxy(), setWindowRect: true, strictFileInteractability: false, timeouts: {implicit: 0, pageLoad: 300000, script: 30000}, unhandledPromptBehavior: dismiss and notify, webauthn:extension:credBlob: true, webauthn:extension:largeBlob: true, webauthn:virtualAuthenticators: true}\nSession ID: 1e58f4c0834cdf0d22ddfd5207f07185\n*** Element info: {Using=xpath, value=//li[@aria-label=\"All\"]}","trace":"org.openqa.selenium.NoSuchElementException: no such element: Unable to locate element: {\"method\":\"xpath\",\"selector\":\"//li[@aria-label=\"All\"]\"}\n  (Session info: chrome=103.0.5060.134)\nFor documentation on this error, please visit: https://www.seleniumhq.org/exceptions/no_such_element.html\nBuild info: version: '3.141.59', revision: 'e82be7d358', time: '2018-11-14T08:17:03'\nSystem info: host: 'DESKTOP-K48HB34', ip: '10.81.234.2', os.name: 'Windows 10', os.arch: 'amd64', os.version: '10.0', java.version: '1.8.0_60'\nDriver info: org.openqa.selenium.chrome.ChromeDriver\nCapabilities {acceptInsecureCerts: false, browserName: chrome, browserVersion: 103.0.5060.134, chrome: {chromedriverVersion: 103.0.5060.134 (8ec6fce403b..., userDataDir: C:\\Users\\MONPC~1\\AppData\\Lo...}, goog:chromeOptions: {debuggerAddress: localhost:51468}, javascriptEnabled: true, networkConnectionEnabled: false, pageLoadStrategy: normal, platform: WINDOWS, platformName: WINDOWS, proxy: Proxy(), setWindowRect: true, strictFileInteractability: false, timeouts: {implicit: 0, pageLoad: 300000, script: 30000}, unhandledPromptBehavior: dismiss and notify, webauthn:extension:credBlob: true, webauthn:extension:largeBlob: true, webauthn:virtualAuthenticators: true}\nSession ID: 1e58f4c0834cdf0d22ddfd5207f07185\n*** Element info: {Using=xpath, value=//li[@aria-label=\"All\"]}\r\n\tat sun.reflect.NativeConstructorAccessorImpl.newInstance0(Native Method)\r\n\tat sun.reflect.NativeConstructorAccessorImpl.newInstance(NativeConstructorAccessorImpl.java:62)\r\n\tat sun.reflect.DelegatingConstructorAccessorImpl.newInstance(DelegatingConstructorAccessorImpl.java:45)\r\n\tat java.lang.reflect.Constructor.newInstance(Constructor.java:422)\r\n\tat org.openqa.selenium.remote.http.W3CHttpResponseCodec.createException(W3CHttpResponseCodec.java:187)\r\n\tat org.openqa.selenium.remote.http.W3CHttpResponseCodec.decode(W3CHttpResponseCodec.java:122)\r\n\tat org.openqa.selenium.remote.http.W3CHttpResponseCodec.decode(W3CHttpResponseCodec.java:49)\r\n\tat org.openqa.selenium.remote.HttpCommandExecutor.execute(HttpCommandExecutor.java:158)\r\n\tat org.openqa.selenium.remote.service.DriverCommandExecutor.execute(DriverCommandExecutor.java:83)\r\n\tat org.openqa.selenium.remote.RemoteWebDriver.execute(RemoteWebDriver.java:552)\r\n\tat org.openqa.selenium.remote.RemoteWebDriver.findElement(RemoteWebDriver.java:323)\r\n\tat org.openqa.selenium.remote.RemoteWebDriver.findElementByXPath(RemoteWebDriver.java:428)\r\n\tat org.openqa.selenium.By$ByXPath.findElement(By.java:353)\r\n\tat org.openqa.selenium.remote.RemoteWebDriver.findElement(RemoteWebDriver.java:315)\r\n\tat pages.ConcentrationRiskScreen.chooseSector(ConcentrationRiskScreen.java:188)\r\n\tat testcases.ConcentrationRiskTestCases.ThirdScenario(ConcentrationRiskTestCases.java:234)\r\n\tat sun.reflect.NativeMethodAccessorImpl.invoke0(Native Method)\r\n\tat sun.reflect.NativeMethodAccessorImpl.invoke(NativeMethodAccessorImpl.java:62)\r\n\tat sun.reflect.DelegatingMethodAccessorImpl.invoke(DelegatingMethodAccessorImpl.java:43)\r\n\tat java.lang.reflect.Method.invoke(Method.java:497)\r\n\tat org.testng.internal.MethodInvocationHelper.invokeMethod(MethodInvocationHelper.java:132)\r\n\tat org.testng.internal.TestInvoker.invokeMethod(TestInvoker.java:599)\r\n\tat org.testng.internal.TestInvoker.invokeTestMethod(TestInvoker.java:174)\r\n\tat org.testng.internal.MethodRunner.runInSequence(MethodRunner.java:46)\r\n\tat org.testng.internal.TestInvoker$MethodInvocationAgent.invoke(TestInvoker.java:822)\r\n\tat org.testng.internal.TestInvoker.invokeTestMethods(TestInvoker.java:147)\r\n\tat org.testng.internal.TestMethodWorker.invokeTestMethods(TestMethodWorker.java:146)\r\n\tat org.testng.internal.TestMethodWorker.run(TestMethodWorker.java:128)\r\n\tat java.util.ArrayList.forEach(ArrayList.java:1249)\r\n\tat org.testng.TestRunner.privateRun(TestRunner.java:764)\r\n\tat org.testng.TestRunner.run(TestRunner.java:585)\r\n\tat org.testng.SuiteRunner.runTest(SuiteRunner.java:384)\r\n\tat org.testng.SuiteRunner.runSequentially(SuiteRunner.java:378)\r\n\tat org.testng.SuiteRunner.privateRun(SuiteRunner.java:337)\r\n\tat org.testng.SuiteRunner.run(SuiteRunner.java:286)\r\n\tat org.testng.SuiteRunnerWorker.runSuite(SuiteRunnerWorker.java:53)\r\n\tat org.testng.SuiteRunnerWorker.run(SuiteRunnerWorker.java:96)\r\n\tat org.testng.TestNG.runSuitesSequentially(TestNG.java:1218)\r\n\tat org.testng.TestNG.runSuitesLocally(TestNG.java:1140)\r\n\tat org.testng.TestNG.runSuites(TestNG.java:1069)\r\n\tat org.testng.TestNG.run(TestNG.java:1037)\r\n\tat com.intellij.rt.testng.IDEARemoteTestNG.run(IDEARemoteTestNG.java:66)\r\n\tat com.intellij.rt.testng.RemoteTestNGStarter.main(RemoteTestNGStarter.java:109)\r\n"},"stage":"finished","description":"Third Scenario Concentration Risk","steps":[{"name":"Get Data sets From Google Sheet","status":"passed","stage":"finished","steps":[],"attachments":[],"parameters":[{"name":"range","value":"Concentration Risk Scenarions!B47"}],"start":1658615457239,"stop":1658615461150},{"name":"Choose Analysis Date","status":"passed","stage":"finished","steps":[],"attachments":[],"parameters":[{"name":"date","value":"31/12/2019"}],"start":1658615461151,"stop":1658615462827},{"name":"Get Data sets From Google Sheet","status":"passed","stage":"finished","steps":[],"attachments":[],"parameters":[{"name":"range","value":"Concentration Risk Scenarions!B48"}],"start":1658615464839,"stop":1658615466418},{"name":"Choose Reference Date","status":"passed","stage":"finished","steps":[],"attachments":[],"parameters":[{"name":"date","value":"09/06/2021"}],"start":1658615466418,"stop":1658615467916},{"name":"Get Data sets From Google Sheet","status":"passed","stage":"finished","steps":[],"attachments":[],"parameters":[{"name":"range","value":"Concentration Risk Scenarions!B49:D49"}],"start":1658615469916,"stop":1658615472147},{"name":"Get Data sets From Google Sheet","status":"passed","stage":"finished","steps":[],"attachments":[],"parameters":[{"name":"range","value":"Concentration Risk Scenarions!B49:D49"}],"start":1658615472147,"stop":1658615474253},{"name":"Get Data sets From Google Sheet","status":"passed","stage":"finished","steps":[],"attachments":[],"parameters":[{"name":"range","value":"Concentration Risk Scenarions!B49:D49"}],"start":1658615474254,"stop":1658615476796},{"name":"Choose Portfolio","status":"passed","stage":"finished","steps":[],"attachments":[],"parameters":[{"name":"options","value":"[Portfolio Global, Portfolio Non Vie, Portfolio Vie]"}],"start":1658615476797,"stop":1658615482554},{"name":"Get Data sets From Google Sheet","status":"passed","stage":"finished","steps":[],"attachments":[],"parameters":[{"name":"range","value":"Concentration Risk Scenarions!B52"}],"start":1658615484558,"stop":1658615486264},{"name":"Choose Emetteur","status":"passed","stage":"finished","steps":[],"attachments":[],"parameters":[{"name":"options","value":"[amen bank]"}],"start":1658615486264,"stop":1658615487504},{"name":"Get Data sets From Google Sheet","status":"passed","stage":"finished","steps":[],"attachments":[],"parameters":[{"name":"range","value":"Concentration Risk Scenarions!B51"}],"start":1658615489505,"stop":1658615491795},{"name":"Get Data sets From Google Sheet","status":"passed","stage":"finished","steps":[],"attachments":[],"parameters":[{"name":"range","value":"Concentration Risk Scenarions!B51"}],"start":1658615491796,"stop":1658615496554},{"name":"Choose Instrument","status":"passed","stage":"finished","steps":[],"attachments":[],"parameters":[{"name":"options","value":"[All]"}],"start":1658615496555,"stop":1658615501979},{"name":"Get Data sets From Google Sheet","status":"passed","stage":"finished","steps":[],"attachments":[],"parameters":[{"name":"range","value":"Concentration Risk Scenarions!B50"}],"start":1658615503986,"stop":1658615506315},{"name":"Choose Sector","status":"broken","statusDetails":{"known":false,"muted":false,"flaky":false,"message":"no such element: Unable to locate element: {\"method\":\"xpath\",\"selector\":\"//li[@aria-label=\"All\"]\"}\n  (Session info: chrome=103.0.5060.134)\nFor documentation on this error, please visit: https://www.seleniumhq.org/exceptions/no_such_element.html\nBuild info: version: '3.141.59', revision: 'e82be7d358', time: '2018-11-14T08:17:03'\nSystem info: host: 'DESKTOP-K48HB34', ip: '10.81.234.2', os.name: 'Windows 10', os.arch: 'amd64', os.version: '10.0', java.version: '1.8.0_60'\nDriver info: org.openqa.selenium.chrome.ChromeDriver\nCapabilities {acceptInsecureCerts: false, browserName: chrome, browserVersion: 103.0.5060.134, chrome: {chromedriverVersion: 103.0.5060.134 (8ec6fce403b..., userDataDir: C:\\Users\\MONPC~1\\AppData\\Lo...}, goog:chromeOptions: {debuggerAddress: localhost:51468}, javascriptEnabled: true, networkConnectionEnabled: false, pageLoadStrategy: normal, platform: WINDOWS, platformName: WINDOWS, proxy: Proxy(), setWindowRect: true, strictFileInteractability: false, timeouts: {implicit: 0, pageLoad: 300000, script: 30000}, unhandledPromptBehavior: dismiss and notify, webauthn:extension:credBlob: true, webauthn:extension:largeBlob: true, webauthn:virtualAuthenticators: true}\nSession ID: 1e58f4c0834cdf0d22ddfd5207f07185\n*** Element info: {Using=xpath, value=//li[@aria-label=\"All\"]}","trace":"org.openqa.selenium.NoSuchElementException: no such element: Unable to locate element: {\"method\":\"xpath\",\"selector\":\"//li[@aria-label=\"All\"]\"}\n  (Session info: chrome=103.0.5060.134)\nFor documentation on this error, please visit: https://www.seleniumhq.org/exceptions/no_such_element.html\nBuild info: version: '3.141.59', revision: 'e82be7d358', time: '2018-11-14T08:17:03'\nSystem info: host: 'DESKTOP-K48HB34', ip: '10.81.234.2', os.name: 'Windows 10', os.arch: 'amd64', os.version: '10.0', java.version: '1.8.0_60'\nDriver info: org.openqa.selenium.chrome.ChromeDriver\nCapabilities {acceptInsecureCerts: false, browserName: chrome, browserVersion: 103.0.5060.134, chrome: {chromedriverVersion: 103.0.5060.134 (8ec6fce403b..., userDataDir: C:\\Users\\MONPC~1\\AppData\\Lo...}, goog:chromeOptions: {debuggerAddress: localhost:51468}, javascriptEnabled: true, networkConnectionEnabled: false, pageLoadStrategy: normal, platform: WINDOWS, platformName: WINDOWS, proxy: Proxy(), setWindowRect: true, strictFileInteractability: false, timeouts: {implicit: 0, pageLoad: 300000, script: 30000}, unhandledPromptBehavior: dismiss and notify, webauthn:extension:credBlob: true, webauthn:extension:largeBlob: true, webauthn:virtualAuthenticators: true}\nSession ID: 1e58f4c0834cdf0d22ddfd5207f07185\n*** Element info: {Using=xpath, value=//li[@aria-label=\"All\"]}\r\n\tat sun.reflect.NativeConstructorAccessorImpl.newInstance0(Native Method)\r\n\tat sun.reflect.NativeConstructorAccessorImpl.newInstance(NativeConstructorAccessorImpl.java:62)\r\n\tat sun.reflect.DelegatingConstructorAccessorImpl.newInstance(DelegatingConstructorAccessorImpl.java:45)\r\n\tat java.lang.reflect.Constructor.newInstance(Constructor.java:422)\r\n\tat org.openqa.selenium.remote.http.W3CHttpResponseCodec.createException(W3CHttpResponseCodec.java:187)\r\n\tat org.openqa.selenium.remote.http.W3CHttpResponseCodec.decode(W3CHttpResponseCodec.java:122)\r\n\tat org.openqa.selenium.remote.http.W3CHttpResponseCodec.decode(W3CHttpResponseCodec.java:49)\r\n\tat org.openqa.selenium.remote.HttpCommandExecutor.execute(HttpCommandExecutor.java:158)\r\n\tat org.openqa.selenium.remote.service.DriverCommandExecutor.execute(DriverCommandExecutor.java:83)\r\n\tat org.openqa.selenium.remote.RemoteWebDriver.execute(RemoteWebDriver.java:552)\r\n\tat org.openqa.selenium.remote.RemoteWebDriver.findElement(RemoteWebDriver.java:323)\r\n\tat org.openqa.selenium.remote.RemoteWebDriver.findElementByXPath(RemoteWebDriver.java:428)\r\n\tat org.openqa.selenium.By$ByXPath.findElement(By.java:353)\r\n\tat org.openqa.selenium.remote.RemoteWebDriver.findElement(RemoteWebDriver.java:315)\r\n\tat pages.ConcentrationRiskScreen.chooseSector(ConcentrationRiskScreen.java:188)\r\n\tat testcases.ConcentrationRiskTestCases.ThirdScenario(ConcentrationRiskTestCases.java:234)\r\n\tat sun.reflect.NativeMethodAccessorImpl.invoke0(Native Method)\r\n\tat sun.reflect.NativeMethodAccessorImpl.invoke(NativeMethodAccessorImpl.java:62)\r\n\tat sun.reflect.DelegatingMethodAccessorImpl.invoke(DelegatingMethodAccessorImpl.java:43)\r\n\tat java.lang.reflect.Method.invoke(Method.java:497)\r\n\tat org.testng.internal.MethodInvocationHelper.invokeMethod(MethodInvocationHelper.java:132)\r\n\tat org.testng.internal.TestInvoker.invokeMethod(TestInvoker.java:599)\r\n\tat org.testng.internal.TestInvoker.invokeTestMethod(TestInvoker.java:174)\r\n\tat org.testng.internal.MethodRunner.runInSequence(MethodRunner.java:46)\r\n\tat org.testng.internal.TestInvoker$MethodInvocationAgent.invoke(TestInvoker.java:822)\r\n\tat org.testng.internal.TestInvoker.invokeTestMethods(TestInvoker.java:147)\r\n\tat org.testng.internal.TestMethodWorker.invokeTestMethods(TestMethodWorker.java:146)\r\n\tat org.testng.internal.TestMethodWorker.run(TestMethodWorker.java:128)\r\n\tat java.util.ArrayList.forEach(ArrayList.java:1249)\r\n\tat org.testng.TestRunner.privateRun(TestRunner.java:764)\r\n\tat org.testng.TestRunner.run(TestRunner.java:585)\r\n\tat org.testng.SuiteRunner.runTest(SuiteRunner.java:384)\r\n\tat org.testng.SuiteRunner.runSequentially(SuiteRunner.java:378)\r\n\tat org.testng.SuiteRunner.privateRun(SuiteRunner.java:337)\r\n\tat org.testng.SuiteRunner.run(SuiteRunner.java:286)\r\n\tat org.testng.SuiteRunnerWorker.runSuite(SuiteRunnerWorker.java:53)\r\n\tat org.testng.SuiteRunnerWorker.run(SuiteRunnerWorker.java:96)\r\n\tat org.testng.TestNG.runSuitesSequentially(TestNG.java:1218)\r\n\tat org.testng.TestNG.runSuitesLocally(TestNG.java:1140)\r\n\tat org.testng.TestNG.runSuites(TestNG.java:1069)\r\n\tat org.testng.TestNG.run(TestNG.java:1037)\r\n\tat com.intellij.rt.testng.IDEARemoteTestNG.run(IDEARemoteTestNG.java:66)\r\n\tat com.intellij.rt.testng.RemoteTestNGStarter.main(RemoteTestNGStarter.java:109)\r\n"},"stage":"finished","steps":[],"attachments":[],"parameters":[{"name":"options","value":"[All]"}],"start":1658615506316,"stop":1658615508545}],"attachments":[{"name":"Page Screenshot","source":"4a7d944f-a5e5-497c-aacc-6da59f64cd81-attachment","type":"image/png"},{"name":"ThirdScenario failed and screenshot taken","source":"7a066e99-1ed1-40d5-b13b-b95e2259920d-attachment","type":"text/plain"}],"parameters":[],"start":1658615455187,"stop":1658615509040}